d:\studyproject\window\window\x64\debug\vc143.pdb
d:\studyproject\window\window\x64\debug\vc143.idb
d:\studyproject\window\window\x64\debug\main.obj
d:\studyproject\window\x64\debug\labirint.exe
d:\studyproject\window\x64\debug\labirint.pdb
d:\studyproject\window\window\x64\debug\window.res
d:\studyproject\window\window\x64\debug\labirint.ilk
d:\studyproject\window\window\x64\debug\window.obj
d:\studyproject\window\window\x64\debug\window.ilk
d:\studyproject\window\window\x64\debug\labirint.tlog\cl.command.1.tlog
d:\studyproject\window\window\x64\debug\labirint.tlog\cl.items.tlog
d:\studyproject\window\window\x64\debug\labirint.tlog\cl.read.1.tlog
d:\studyproject\window\window\x64\debug\labirint.tlog\cl.write.1.tlog
d:\studyproject\window\window\x64\debug\labirint.tlog\link.command.1.tlog
d:\studyproject\window\window\x64\debug\labirint.tlog\link.read.1.tlog
d:\studyproject\window\window\x64\debug\labirint.tlog\link.secondary.1.tlog
d:\studyproject\window\window\x64\debug\labirint.tlog\link.write.1.tlog
d:\studyproject\window\window\x64\debug\labirint.tlog\rc.command.1.tlog
d:\studyproject\window\window\x64\debug\labirint.tlog\rc.read.1.tlog
d:\studyproject\window\window\x64\debug\labirint.tlog\rc.write.1.tlog
